<?xml version="1.0" encoding="UTF-8"?>
<!-- Generated by org.testng.reporters.JUnitXMLReporter -->
<testsuite ignored="1" hostname="LAPTOP-6MQH4A1L" failures="0" tests="4" name="Default test" time="18.843" errors="0" timestamp="2024-04-25T15:51:02 IST">
  <testcase classname="testscripts.ElectronicsTest" name="login" time="12.86"/>
  <testcase classname="testscripts.ElectronicsTest" name="addtocart" time="2.269"/>
  <testcase classname="testscripts.ElectronicsTest" name="payment" time="1.891"/>
  <testcase classname="testscripts.ElectronicsTest" name="confirmorder" time="1.763"/>
  <testcase classname="testscripts.ElectronicsTest" name="register" time="0.0">
    <ignored/>
  </testcase> <!-- register -->
</testsuite> <!-- Default test -->
