<?xml version="1.0" encoding="UTF-8"?>
<testng-results ignored="0" total="4" passed="4" failed="0" skipped="0">
  <reporter-output>
  </reporter-output>
  <suite started-at="2024-04-25T15:50:43 IST" name="Default suite" finished-at="2024-04-25T15:51:02 IST" duration-ms="18843">
    <groups>
    </groups>
    <test started-at="2024-04-25T15:50:43 IST" name="Default test" finished-at="2024-04-25T15:51:02 IST" duration-ms="18843">
      <class name="testscripts.ElectronicsTest">
        <test-method signature="login()[pri:0, instance:testscripts.ElectronicsTest@595b007d]" started-at="2024-04-25T15:50:43 IST" name="login" finished-at="2024-04-25T15:50:56 IST" duration-ms="12860" status="PASS">
          <reporter-output>
          </reporter-output>
        </test-method> <!-- login -->
        <test-method signature="addtocart()[pri:0, instance:testscripts.ElectronicsTest@595b007d]" started-at="2024-04-25T15:50:56 IST" name="addtocart" finished-at="2024-04-25T15:50:58 IST" depends-on-methods="testscripts.ElectronicsTest.login" duration-ms="2269" status="PASS">
          <reporter-output>
          </reporter-output>
        </test-method> <!-- addtocart -->
        <test-method signature="payment()[pri:0, instance:testscripts.ElectronicsTest@595b007d]" started-at="2024-04-25T15:50:58 IST" name="payment" finished-at="2024-04-25T15:51:00 IST" depends-on-methods="testscripts.ElectronicsTest.addtocart" duration-ms="1891" status="PASS">
          <reporter-output>
          </reporter-output>
        </test-method> <!-- payment -->
        <test-method signature="confirmorder()[pri:0, instance:testscripts.ElectronicsTest@595b007d]" started-at="2024-04-25T15:51:00 IST" name="confirmorder" finished-at="2024-04-25T15:51:02 IST" depends-on-methods="testscripts.ElectronicsTest.payment" duration-ms="1763" status="PASS">
          <reporter-output>
          </reporter-output>
        </test-method> <!-- confirmorder -->
      </class> <!-- testscripts.ElectronicsTest -->
    </test> <!-- Default test -->
  </suite> <!-- Default suite -->
</testng-results>
